Flow report for memory
Tue Dec 13 22:05:47 2016
Quartus II 64-Bit Version 13.1.0 Build 162 10/23/2013 SJ Web Edition


---------------------
; Table of Contents ;
---------------------
  1. Legal Notice
  2. Flow Summary
  3. Flow Settings
  4. Flow Non-Default Global Settings
  5. Flow Elapsed Time
  6. Flow OS Summary
  7. Flow Log
  8. Flow Messages
  9. Flow Suppressed Messages



----------------
; Legal Notice ;
----------------
Copyright (C) 1991-2013 Altera Corporation
Your use of Altera Corporation's design tools, logic functions 
and other software and tools, and its AMPP partner logic 
functions, and any output files from any of the foregoing 
(including device programming or simulation files), and any 
associated documentation or information are expressly subject 
to the terms and conditions of the Altera Program License 
Subscription Agreement, Altera MegaCore Function License 
Agreement, or other applicable license agreement, including, 
without limitation, that your use is for the sole purpose of 
programming logic devices manufactured by Altera and sold by 
Altera or its authorized distributors.  Please refer to the 
applicable agreement for further details.



+------------------------------------------------------------------------+
; Flow Summary                                                           ;
+---------------------------+--------------------------------------------+
; Flow Status               ; Successful - Tue Dec 13 22:05:47 2016      ;
; Quartus II 64-Bit Version ; 13.1.0 Build 162 10/23/2013 SJ Web Edition ;
; Revision Name             ; memory                                     ;
; Top-level Entity Name     ; Main                                       ;
; Family                    ; MAX V                                      ;
; Total logic elements      ; 36 / 40 ( 90 % )                           ;
; Total pins                ; 5 / 30 ( 17 % )                            ;
; Total virtual pins        ; 0                                          ;
; UFM blocks                ; 0 / 1 ( 0 % )                              ;
; Device                    ; 5M40ZM64C4                                 ;
; Timing Models             ; Final                                      ;
+---------------------------+--------------------------------------------+


+-----------------------------------------+
; Flow Settings                           ;
+-------------------+---------------------+
; Option            ; Setting             ;
+-------------------+---------------------+
; Start date & time ; 12/13/2016 22:05:16 ;
; Main task         ; Compilation         ;
; Revision Name     ; memory              ;
+-------------------+---------------------+


+-----------------------------------------------------------------------------------------------------------------------------------------+
; Flow Non-Default Global Settings                                                                                                        ;
+-------------------------------------+----------------------------------------------------+---------------+-------------+----------------+
; Assignment Name                     ; Value                                              ; Default Value ; Entity Name ; Section Id     ;
+-------------------------------------+----------------------------------------------------+---------------+-------------+----------------+
; COMPILER_SIGNATURE_ID               ; 0.148167751603347                                  ; --            ; --          ; --             ;
; EDA_GENERATE_FUNCTIONAL_NETLIST     ; On                                                 ; --            ; --          ; eda_simulation ;
; EDA_NETLIST_WRITER_OUTPUT_DIR       ; /home/michiles/Desktop/Projeto2SD/simulation/qsim/ ; --            ; --          ; eda_simulation ;
; EDA_OUTPUT_DATA_FORMAT              ; Verilog Hdl                                        ; --            ; --          ; eda_simulation ;
; EDA_SIMULATION_TOOL                 ; ModelSim-Altera (Verilog)                          ; <None>        ; --          ; --             ;
; PARTITION_COLOR                     ; 16764057                                           ; --            ; Main        ; Top            ;
; PARTITION_FITTER_PRESERVATION_LEVEL ; PLACEMENT_AND_ROUTING                              ; --            ; Main        ; Top            ;
; PARTITION_NETLIST_TYPE              ; SOURCE                                             ; --            ; Main        ; Top            ;
; TOP_LEVEL_ENTITY                    ; Main                                               ; memory        ; --          ; --             ;
; USE_GENERATED_PHYSICAL_CONSTRAINTS  ; Off                                                ; --            ; --          ; eda_blast_fpga ;
+-------------------------------------+----------------------------------------------------+---------------+-------------+----------------+


+-------------------------------------------------------------------------------------------------------------------------------+
; Flow Elapsed Time                                                                                                             ;
+---------------------------+--------------+-------------------------+---------------------+------------------------------------+
; Module Name               ; Elapsed Time ; Average Processors Used ; Peak Virtual Memory ; Total CPU Time (on all processors) ;
+---------------------------+--------------+-------------------------+---------------------+------------------------------------+
; Analysis & Synthesis      ; 00:00:01     ; 1.0                     ; 627 MB              ; 00:00:01                           ;
; Fitter                    ; 00:00:01     ; 1.0                     ; 695 MB              ; 00:00:01                           ;
; Assembler                 ; 00:00:00     ; 1.0                     ; 563 MB              ; 00:00:00                           ;
; TimeQuest Timing Analyzer ; 00:00:00     ; 1.0                     ; 534 MB              ; 00:00:01                           ;
; EDA Netlist Writer        ; 00:00:00     ; 1.0                     ; 817 MB              ; 00:00:00                           ;
; EDA Netlist Writer        ; 00:00:00     ; 1.0                     ; 833 MB              ; 00:00:00                           ;
; EDA Netlist Writer        ; 00:00:00     ; 1.0                     ; 833 MB              ; 00:00:00                           ;
; Total                     ; 00:00:02     ; --                      ; --                  ; 00:00:03                           ;
+---------------------------+--------------+-------------------------+---------------------+------------------------------------+


+---------------------------------------------------------------------------------------------+
; Flow OS Summary                                                                             ;
+---------------------------+--------------------+--------------+------------+----------------+
; Module Name               ; Machine Hostname   ; OS Name      ; OS Version ; Processor type ;
+---------------------------+--------------------+--------------+------------+----------------+
; Analysis & Synthesis      ; michiles-G1x11-MAX ; Ubuntu 16.04 ; 16         ; x86_64         ;
; Fitter                    ; michiles-G1x11-MAX ; Ubuntu 16.04 ; 16         ; x86_64         ;
; Assembler                 ; michiles-G1x11-MAX ; Ubuntu 16.04 ; 16         ; x86_64         ;
; TimeQuest Timing Analyzer ; michiles-G1x11-MAX ; Ubuntu 16.04 ; 16         ; x86_64         ;
; EDA Netlist Writer        ; michiles-G1x11-MAX ; Ubuntu 16.04 ; 16         ; x86_64         ;
; EDA Netlist Writer        ; michiles-G1x11-MAX ; Ubuntu 16.04 ; 16         ; x86_64         ;
; EDA Netlist Writer        ; michiles-G1x11-MAX ; Ubuntu 16.04 ; 16         ; x86_64         ;
+---------------------------+--------------------+--------------+------------+----------------+


------------
; Flow Log ;
------------
quartus_map --read_settings_files=on --write_settings_files=off memory -c memory
quartus_fit --read_settings_files=off --write_settings_files=off memory -c memory
quartus_asm --read_settings_files=off --write_settings_files=off memory -c memory
quartus_sta memory -c memory
quartus_eda --read_settings_files=off --write_settings_files=off memory -c memory
quartus_eda --gen_testbench --check_outputs=on --tool=modelsim_oem --format=verilog memory -c memory --vector_source=/home/michiles/Desktop/Projeto2SD/main.vwf --testbench_file=/home/michiles/Desktop/Projeto2SD/simulation/qsim/main.vwf.vt
quartus_eda --functional=on --flatten_buses=off --simulation=on --tool=modelsim_oem --format=verilog --output_directory=/home/michiles/Desktop/Projeto2SD/simulation/qsim/ memory -c memory



