Analysis & Synthesis report for memory
Tue Dec 13 15:37:21 2016
Quartus II Version 9.1 Build 350 03/24/2010 Service Pack 2 SJ Web Edition


---------------------
; Table of Contents ;
---------------------
  1. Legal Notice
  2. Analysis & Synthesis Summary
  3. Analysis & Synthesis Settings
  4. Parallel Compilation
  5. Analysis & Synthesis Source Files Read
  6. Analysis & Synthesis Resource Usage Summary
  7. Analysis & Synthesis Resource Utilization by Entity
  8. User-Specified and Inferred Latches
  9. Registers Removed During Synthesis
 10. General Register Statistics
 11. Multiplexer Restructuring Statistics (Restructuring Performed)
 12. Parameter Settings for User Entity Instance: memory:mem
 13. Parameter Settings for User Entity Instance: Control:UC
 14. Parameter Settings for User Entity Instance: registrador:REGX
 15. Parameter Settings for User Entity Instance: registrador:REGY
 16. Parameter Settings for User Entity Instance: registrador:REGZ
 17. Parameter Settings for User Entity Instance: ULA:unidLA
 18. Port Connectivity Checks: "Control:UC"
 19. Port Connectivity Checks: "memory:mem"
 20. Analysis & Synthesis Messages



----------------
; Legal Notice ;
----------------
Copyright (C) 1991-2010 Altera Corporation
Your use of Altera Corporation's design tools, logic functions 
and other software and tools, and its AMPP partner logic 
functions, and any output files from any of the foregoing 
(including device programming or simulation files), and any 
associated documentation or information are expressly subject 
to the terms and conditions of the Altera Program License 
Subscription Agreement, Altera MegaCore Function License 
Agreement, or other applicable license agreement, including, 
without limitation, that your use is for the sole purpose of 
programming logic devices manufactured by Altera and sold by 
Altera or its authorized distributors.  Please refer to the 
applicable agreement for further details.



+------------------------------------------------------------------------------+
; Analysis & Synthesis Summary                                                 ;
+-------------------------------+----------------------------------------------+
; Analysis & Synthesis Status   ; Successful - Tue Dec 13 15:37:21 2016        ;
; Quartus II Version            ; 9.1 Build 350 03/24/2010 SP 2 SJ Web Edition ;
; Revision Name                 ; memory                                       ;
; Top-level Entity Name         ; Main                                         ;
; Family                        ; Stratix II                                   ;
; Logic utilization             ; N/A                                          ;
;     Combinational ALUTs       ; 35                                           ;
;     Dedicated logic registers ; 21                                           ;
; Total registers               ; 21                                           ;
; Total pins                    ; 5                                            ;
; Total virtual pins            ; 0                                            ;
; Total block memory bits       ; 0                                            ;
; DSP block 9-bit elements      ; 0                                            ;
; Total PLLs                    ; 0                                            ;
; Total DLLs                    ; 0                                            ;
+-------------------------------+----------------------------------------------+


+----------------------------------------------------------------------------------------------------------------------+
; Analysis & Synthesis Settings                                                                                        ;
+----------------------------------------------------------------------------+--------------------+--------------------+
; Option                                                                     ; Setting            ; Default Value      ;
+----------------------------------------------------------------------------+--------------------+--------------------+
; Top-level entity name                                                      ; Main               ; memory             ;
; Family name                                                                ; Stratix II         ; Cyclone IV GX      ;
; Use Generated Physical Constraints File                                    ; Off                ;                    ;
; Use smart compilation                                                      ; Off                ; Off                ;
; Enable parallel Assembler and TimeQuest Timing Analyzer during compilation ; On                 ; On                 ;
; Enable compact report table                                                ; Off                ; Off                ;
; Restructure Multiplexers                                                   ; Auto               ; Auto               ;
; Create Debugging Nodes for IP Cores                                        ; Off                ; Off                ;
; Preserve fewer node names                                                  ; On                 ; On                 ;
; Disable OpenCore Plus hardware evaluation                                  ; Off                ; Off                ;
; Verilog Version                                                            ; Verilog_2001       ; Verilog_2001       ;
; VHDL Version                                                               ; VHDL_1993          ; VHDL_1993          ;
; State Machine Processing                                                   ; Auto               ; Auto               ;
; Safe State Machine                                                         ; Off                ; Off                ;
; Extract Verilog State Machines                                             ; On                 ; On                 ;
; Extract VHDL State Machines                                                ; On                 ; On                 ;
; Ignore Verilog initial constructs                                          ; Off                ; Off                ;
; Iteration limit for constant Verilog loops                                 ; 5000               ; 5000               ;
; Iteration limit for non-constant Verilog loops                             ; 250                ; 250                ;
; Add Pass-Through Logic to Inferred RAMs                                    ; On                 ; On                 ;
; Parallel Synthesis                                                         ; On                 ; On                 ;
; DSP Block Balancing                                                        ; Auto               ; Auto               ;
; NOT Gate Push-Back                                                         ; On                 ; On                 ;
; Power-Up Don't Care                                                        ; On                 ; On                 ;
; Remove Redundant Logic Cells                                               ; Off                ; Off                ;
; Remove Duplicate Registers                                                 ; On                 ; On                 ;
; Ignore CARRY Buffers                                                       ; Off                ; Off                ;
; Ignore CASCADE Buffers                                                     ; Off                ; Off                ;
; Ignore GLOBAL Buffers                                                      ; Off                ; Off                ;
; Ignore ROW GLOBAL Buffers                                                  ; Off                ; Off                ;
; Ignore LCELL Buffers                                                       ; Off                ; Off                ;
; Ignore SOFT Buffers                                                        ; On                 ; On                 ;
; Limit AHDL Integers to 32 Bits                                             ; Off                ; Off                ;
; Optimization Technique                                                     ; Balanced           ; Balanced           ;
; Carry Chain Length                                                         ; 70                 ; 70                 ;
; Auto Carry Chains                                                          ; On                 ; On                 ;
; Auto Open-Drain Pins                                                       ; On                 ; On                 ;
; Perform WYSIWYG Primitive Resynthesis                                      ; Off                ; Off                ;
; Auto ROM Replacement                                                       ; On                 ; On                 ;
; Auto RAM Replacement                                                       ; On                 ; On                 ;
; Auto DSP Block Replacement                                                 ; On                 ; On                 ;
; Auto Shift Register Replacement                                            ; Auto               ; Auto               ;
; Auto Clock Enable Replacement                                              ; On                 ; On                 ;
; Strict RAM Replacement                                                     ; Off                ; Off                ;
; Allow Synchronous Control Signals                                          ; On                 ; On                 ;
; Force Use of Synchronous Clear Signals                                     ; Off                ; Off                ;
; Auto RAM Block Balancing                                                   ; On                 ; On                 ;
; Auto RAM to Logic Cell Conversion                                          ; Off                ; Off                ;
; Auto Resource Sharing                                                      ; Off                ; Off                ;
; Allow Any RAM Size For Recognition                                         ; Off                ; Off                ;
; Allow Any ROM Size For Recognition                                         ; Off                ; Off                ;
; Allow Any Shift Register Size For Recognition                              ; Off                ; Off                ;
; Use LogicLock Constraints during Resource Balancing                        ; On                 ; On                 ;
; Ignore translate_off and synthesis_off directives                          ; Off                ; Off                ;
; Timing-Driven Synthesis                                                    ; Off                ; Off                ;
; Show Parameter Settings Tables in Synthesis Report                         ; On                 ; On                 ;
; Ignore Maximum Fan-Out Assignments                                         ; Off                ; Off                ;
; Synchronization Register Chain Length                                      ; 3                  ; 3                  ;
; PowerPlay Power Optimization                                               ; Normal compilation ; Normal compilation ;
; HDL message level                                                          ; Level2             ; Level2             ;
; Suppress Register Optimization Related Messages                            ; Off                ; Off                ;
; Number of Removed Registers Reported in Synthesis Report                   ; 5000               ; 5000               ;
; Number of Inverted Registers Reported in Synthesis Report                  ; 100                ; 100                ;
; Clock MUX Protection                                                       ; On                 ; On                 ;
; Auto Gated Clock Conversion                                                ; Off                ; Off                ;
; Block Design Naming                                                        ; Auto               ; Auto               ;
; SDC constraint protection                                                  ; Off                ; Off                ;
; Synthesis Effort                                                           ; Auto               ; Auto               ;
; Shift Register Replacement - Allow Asynchronous Clear Signal               ; On                 ; On                 ;
; Analysis & Synthesis Message Level                                         ; Medium             ; Medium             ;
; Disable Register Merging Across Hierarchies                                ; Auto               ; Auto               ;
; Resource Aware Inference For Block RAM                                     ; On                 ; On                 ;
+----------------------------------------------------------------------------+--------------------+--------------------+


Parallel compilation was disabled, but you have multiple processors available. Enable parallel compilation to reduce compilation time.
+-------------------------------------+
; Parallel Compilation                ;
+----------------------------+--------+
; Processors                 ; Number ;
+----------------------------+--------+
; Number detected on machine ; 4      ;
; Maximum allowed            ; 1      ;
+----------------------------+--------+


+-------------------------------------------------------------------------------------------------------------------------------+
; Analysis & Synthesis Source Files Read                                                                                        ;
+----------------------------------+-----------------+------------------------+-------------------------------------------------+
; File Name with User-Entered Path ; Used in Netlist ; File Type              ; File Name with Absolute Path                    ;
+----------------------------------+-----------------+------------------------+-------------------------------------------------+
; Control.v                        ; yes             ; User Verilog HDL File  ; C:/Users/caesa/Desktop/Projeto2SD/Control.v     ;
; registrador.v                    ; yes             ; User Verilog HDL File  ; C:/Users/caesa/Desktop/Projeto2SD/registrador.v ;
; memory.v                         ; yes             ; User Verilog HDL File  ; C:/Users/caesa/Desktop/Projeto2SD/memory.v      ;
; ULA.v                            ; yes             ; User Verilog HDL File  ; C:/Users/caesa/Desktop/Projeto2SD/ULA.v         ;
; Main.v                           ; yes             ; User Verilog HDL File  ; C:/Users/caesa/Desktop/Projeto2SD/Main.v        ;
; PC.v                             ; yes             ; User Verilog HDL File  ; C:/Users/caesa/Desktop/Projeto2SD/PC.v          ;
+----------------------------------+-----------------+------------------------+-------------------------------------------------+


+-------------------------------------------------------+
; Analysis & Synthesis Resource Usage Summary           ;
+-----------------------------------------------+-------+
; Resource                                      ; Usage ;
+-----------------------------------------------+-------+
; Estimated ALUTs Used                          ; 35    ;
; Dedicated logic registers                     ; 21    ;
;                                               ;       ;
; Estimated ALUTs Unavailable                   ; 0     ;
;                                               ;       ;
; Total combinational functions                 ; 35    ;
; Combinational ALUT usage by number of inputs  ;       ;
;     -- 7 input functions                      ; 0     ;
;     -- 6 input functions                      ; 0     ;
;     -- 5 input functions                      ; 1     ;
;     -- 4 input functions                      ; 14    ;
;     -- <=3 input functions                    ; 20    ;
;                                               ;       ;
; Combinational ALUTs by mode                   ;       ;
;     -- normal mode                            ; 31    ;
;     -- extended LUT mode                      ; 0     ;
;     -- arithmetic mode                        ; 4     ;
;     -- shared arithmetic mode                 ; 0     ;
;                                               ;       ;
; Estimated ALUT/register pairs used            ; 35    ;
;                                               ;       ;
; Total registers                               ; 21    ;
;     -- Dedicated logic registers              ; 21    ;
;     -- I/O registers                          ; 0     ;
;                                               ;       ;
; Estimated ALMs:  partially or completely used ; 18    ;
;                                               ;       ;
; I/O pins                                      ; 5     ;
; Maximum fan-out node                          ; clk   ;
; Maximum fan-out                               ; 21    ;
; Total fan-out                                 ; 172   ;
; Average fan-out                               ; 2.82  ;
+-----------------------------------------------+-------+


+--------------------------------------------------------------------------------------------------------------------------------------------------------------------------------------------------+
; Analysis & Synthesis Resource Utilization by Entity                                                                                                                                              ;
+----------------------------+-------------------+--------------+-------------------+--------------+---------+-----------+-----------+------+--------------+------------------------+--------------+
; Compilation Hierarchy Node ; LC Combinationals ; LC Registers ; Block Memory Bits ; DSP Elements ; DSP 9x9 ; DSP 18x18 ; DSP 36x36 ; Pins ; Virtual Pins ; Full Hierarchy Name    ; Library Name ;
+----------------------------+-------------------+--------------+-------------------+--------------+---------+-----------+-----------+------+--------------+------------------------+--------------+
; |Main                      ; 35 (0)            ; 21 (0)       ; 0                 ; 0            ; 0       ; 0         ; 0         ; 5    ; 0            ; |Main                  ; work         ;
;    |Control:UC|            ; 6 (6)             ; 6 (6)        ; 0                 ; 0            ; 0       ; 0         ; 0         ; 0    ; 0            ; |Main|Control:UC       ; work         ;
;    |PC:contador|           ; 4 (4)             ; 4 (4)        ; 0                 ; 0            ; 0       ; 0         ; 0         ; 0    ; 0            ; |Main|PC:contador      ;              ;
;    |ULA:unidLA|            ; 4 (4)             ; 0 (0)        ; 0                 ; 0            ; 0       ; 0         ; 0         ; 0    ; 0            ; |Main|ULA:unidLA       ; work         ;
;    |memory:mem|            ; 8 (8)             ; 0 (0)        ; 0                 ; 0            ; 0       ; 0         ; 0         ; 0    ; 0            ; |Main|memory:mem       ;              ;
;    |registrador:REGX|      ; 3 (3)             ; 3 (3)        ; 0                 ; 0            ; 0       ; 0         ; 0         ; 0    ; 0            ; |Main|registrador:REGX ;              ;
;    |registrador:REGY|      ; 5 (5)             ; 4 (4)        ; 0                 ; 0            ; 0       ; 0         ; 0         ; 0    ; 0            ; |Main|registrador:REGY ; work         ;
;    |registrador:REGZ|      ; 5 (5)             ; 4 (4)        ; 0                 ; 0            ; 0       ; 0         ; 0         ; 0    ; 0            ; |Main|registrador:REGZ ;              ;
+----------------------------+-------------------+--------------+-------------------+--------------+---------+-----------+-----------+------+--------------+------------------------+--------------+
Note: For table entries with two numbers listed, the numbers in parentheses indicate the number of resources of the given type used by the specific entity alone. The numbers listed outside of parentheses indicate the total resources of the given type used by the specific entity and all of its sub-entities in the hierarchy.


+---------------------------------------------------------------------------------------------------+
; User-Specified and Inferred Latches                                                               ;
+----------------------------------------------------+---------------------+------------------------+
; Latch Name                                         ; Latch Enable Signal ; Free of Timing Hazards ;
+----------------------------------------------------+---------------------+------------------------+
; memory:mem|funcao[2]                               ; memory:mem|Mux5     ; yes                    ;
; memory:mem|funcao[0]                               ; memory:mem|Mux5     ; yes                    ;
; memory:mem|funcao[1]                               ; memory:mem|Mux5     ; yes                    ;
; memory:mem|valor[1]                                ; memory:mem|Mux5     ; yes                    ;
; memory:mem|valor[2]                                ; memory:mem|Mux5     ; yes                    ;
; Number of user-specified and inferred latches = 5  ;                     ;                        ;
+----------------------------------------------------+---------------------+------------------------+
Note: All latches listed above may not be present at the end of synthesis due to various synthesis optimizations.


+--------------------------------------------------------------------------------+
; Registers Removed During Synthesis                                             ;
+---------------------------------------+----------------------------------------+
; Register name                         ; Reason for Removal                     ;
+---------------------------------------+----------------------------------------+
; Control:UC|Tula                       ; Stuck at GND due to stuck port data_in ;
; registrador:REGX|out[3]               ; Stuck at GND due to stuck port data_in ;
; Total Number of Removed Registers = 2 ;                                        ;
+---------------------------------------+----------------------------------------+


+------------------------------------------------------+
; General Register Statistics                          ;
+----------------------------------------------+-------+
; Statistic                                    ; Value ;
+----------------------------------------------+-------+
; Total registers                              ; 21    ;
; Number of registers using Synchronous Clear  ; 0     ;
; Number of registers using Synchronous Load   ; 0     ;
; Number of registers using Asynchronous Clear ; 0     ;
; Number of registers using Asynchronous Load  ; 0     ;
; Number of registers using Clock Enable       ; 12    ;
; Number of registers using Preset             ; 0     ;
+----------------------------------------------+-------+


+---------------------------------------------------------------------------------------------------------------------------------------------+
; Multiplexer Restructuring Statistics (Restructuring Performed)                                                                              ;
+--------------------+-----------+---------------+----------------------+------------------------+------------+-------------------------------+
; Multiplexer Inputs ; Bus Width ; Baseline Area ; Area if Restructured ; Saving if Restructured ; Registered ; Example Multiplexer Output    ;
+--------------------+-----------+---------------+----------------------+------------------------+------------+-------------------------------+
; 4:1                ; 3 bits    ; 6 ALUTs       ; 6 ALUTs              ; 0 ALUTs                ; Yes        ; |Main|registrador:REGZ|out[0] ;
; 4:1                ; 3 bits    ; 6 ALUTs       ; 6 ALUTs              ; 0 ALUTs                ; Yes        ; |Main|registrador:REGY|out[0] ;
; 8:1                ; 6 bits    ; 30 ALUTs      ; 18 ALUTs             ; 12 ALUTs               ; Yes        ; |Main|Control:UC|Tz[1]        ;
+--------------------+-----------+---------------+----------------------+------------------------+------------+-------------------------------+


+---------------------------------------------------------+
; Parameter Settings for User Entity Instance: memory:mem ;
+----------------+-------+--------------------------------+
; Parameter Name ; Value ; Type                           ;
+----------------+-------+--------------------------------+
; A              ; 0100  ; Unsigned Binary                ;
; B              ; 0010  ; Unsigned Binary                ;
; clrld          ; 000   ; Unsigned Binary                ;
; addld          ; 001   ; Unsigned Binary                ;
; add            ; 010   ; Unsigned Binary                ;
; div2           ; 011   ; Unsigned Binary                ;
; disp           ; 100   ; Unsigned Binary                ;
+----------------+-------+--------------------------------+
Note: In order to hide this table in the UI and the text report file, please set the "Show Parameter Settings Tables in Synthesis Report" option in "Analysis and Synthesis Settings -> More Settings" to "Off".


+---------------------------------------------------------+
; Parameter Settings for User Entity Instance: Control:UC ;
+----------------+-------+--------------------------------+
; Parameter Name ; Value ; Type                           ;
+----------------+-------+--------------------------------+
; clrld          ; 000   ; Unsigned Binary                ;
; addld          ; 001   ; Unsigned Binary                ;
; add            ; 010   ; Unsigned Binary                ;
; div2           ; 011   ; Unsigned Binary                ;
; disp           ; 100   ; Unsigned Binary                ;
; hold           ; 00    ; Unsigned Binary                ;
; load           ; 01    ; Unsigned Binary                ;
; shiftr         ; 10    ; Unsigned Binary                ;
; reset          ; 11    ; Unsigned Binary                ;
+----------------+-------+--------------------------------+
Note: In order to hide this table in the UI and the text report file, please set the "Show Parameter Settings Tables in Synthesis Report" option in "Analysis and Synthesis Settings -> More Settings" to "Off".


+---------------------------------------------------------------+
; Parameter Settings for User Entity Instance: registrador:REGX ;
+----------------+-------+--------------------------------------+
; Parameter Name ; Value ; Type                                 ;
+----------------+-------+--------------------------------------+
; HOLD           ; 00    ; Unsigned Binary                      ;
; LOAD           ; 01    ; Unsigned Binary                      ;
; SHIFTR         ; 10    ; Unsigned Binary                      ;
; RESET          ; 11    ; Unsigned Binary                      ;
+----------------+-------+--------------------------------------+
Note: In order to hide this table in the UI and the text report file, please set the "Show Parameter Settings Tables in Synthesis Report" option in "Analysis and Synthesis Settings -> More Settings" to "Off".


+---------------------------------------------------------------+
; Parameter Settings for User Entity Instance: registrador:REGY ;
+----------------+-------+--------------------------------------+
; Parameter Name ; Value ; Type                                 ;
+----------------+-------+--------------------------------------+
; HOLD           ; 00    ; Unsigned Binary                      ;
; LOAD           ; 01    ; Unsigned Binary                      ;
; SHIFTR         ; 10    ; Unsigned Binary                      ;
; RESET          ; 11    ; Unsigned Binary                      ;
+----------------+-------+--------------------------------------+
Note: In order to hide this table in the UI and the text report file, please set the "Show Parameter Settings Tables in Synthesis Report" option in "Analysis and Synthesis Settings -> More Settings" to "Off".


+---------------------------------------------------------------+
; Parameter Settings for User Entity Instance: registrador:REGZ ;
+----------------+-------+--------------------------------------+
; Parameter Name ; Value ; Type                                 ;
+----------------+-------+--------------------------------------+
; HOLD           ; 00    ; Unsigned Binary                      ;
; LOAD           ; 01    ; Unsigned Binary                      ;
; SHIFTR         ; 10    ; Unsigned Binary                      ;
; RESET          ; 11    ; Unsigned Binary                      ;
+----------------+-------+--------------------------------------+
Note: In order to hide this table in the UI and the text report file, please set the "Show Parameter Settings Tables in Synthesis Report" option in "Analysis and Synthesis Settings -> More Settings" to "Off".


+---------------------------------------------------------+
; Parameter Settings for User Entity Instance: ULA:unidLA ;
+----------------+-------+--------------------------------+
; Parameter Name ; Value ; Type                           ;
+----------------+-------+--------------------------------+
; ADD            ; 0     ; Unsigned Binary                ;
; SUB            ; 1     ; Unsigned Binary                ;
+----------------+-------+--------------------------------+
Note: In order to hide this table in the UI and the text report file, please set the "Show Parameter Settings Tables in Synthesis Report" option in "Analysis and Synthesis Settings -> More Settings" to "Off".


+-----------------------------------------------------------------------------------------------------------------------------------------------------------------------------------------------------------------+
; Port Connectivity Checks: "Control:UC"                                                                                                                                                                          ;
+-----------+-------+----------+----------------------------------------------------------------------------------------------------------------------------------------------------------------------------------+
; Port      ; Type  ; Severity ; Details                                                                                                                                                                          ;
+-----------+-------+----------+----------------------------------------------------------------------------------------------------------------------------------------------------------------------------------+
; Instrucao ; Input ; Warning  ; Input port expression (4 bits) is wider than the input port (3 bits) it drives.  The 1 most-significant bit(s) in the expression will be dangling if they have no other fanouts. ;
+-----------+-------+----------+----------------------------------------------------------------------------------------------------------------------------------------------------------------------------------+


+----------------------------------------------------------------------------------------------------------------------------------------------------------------------------------------------------+
; Port Connectivity Checks: "memory:mem"                                                                                                                                                             ;
+--------+--------+----------+-----------------------------------------------------------------------------------------------------------------------------------------------------------------------+
; Port   ; Type   ; Severity ; Details                                                                                                                                                               ;
+--------+--------+----------+-----------------------------------------------------------------------------------------------------------------------------------------------------------------------+
; funcao ; Output ; Warning  ; Output or bidir port (3 bits) is smaller than the port expression (4 bits) it drives.  The 1 most-significant bit(s) in the port expression will be connected to GND. ;
+--------+--------+----------+-----------------------------------------------------------------------------------------------------------------------------------------------------------------------+


+-------------------------------+
; Analysis & Synthesis Messages ;
+-------------------------------+
Info: *******************************************************************
Info: Running Quartus II Analysis & Synthesis
    Info: Version 9.1 Build 350 03/24/2010 Service Pack 2 SJ Web Edition
    Info: Processing started: Tue Dec 13 15:37:17 2016
Info: Command: quartus_map --read_settings_files=on --write_settings_files=off memory -c memory
Info: Found 1 design units, including 1 entities, in source file control.v
    Info: Found entity 1: Control
Info: Found 1 design units, including 1 entities, in source file registrador.v
    Info: Found entity 1: registrador
Info: Found 1 design units, including 1 entities, in source file memory.v
    Info: Found entity 1: memory
Info: Found 1 design units, including 1 entities, in source file ula.v
    Info: Found entity 1: ULA
Info: Found 1 design units, including 1 entities, in source file main.v
    Info: Found entity 1: Main
Info: Found 1 design units, including 1 entities, in source file pc.v
    Info: Found entity 1: PC
Info: Elaborating entity "Main" for the top level hierarchy
Info: Elaborating entity "PC" for hierarchy "PC:contador"
Warning (10230): Verilog HDL assignment warning at PC.v(7): truncated value with size 32 to match size of target (4)
Info: Elaborating entity "memory" for hierarchy "memory:mem"
Warning (10270): Verilog HDL Case Statement warning at memory.v(17): incomplete case statement has no default case item
Warning (10240): Verilog HDL Always Construct warning at memory.v(16): inferring latch(es) for variable "funcao", which holds its previous value in one or more paths through the always construct
Warning (10240): Verilog HDL Always Construct warning at memory.v(16): inferring latch(es) for variable "valor", which holds its previous value in one or more paths through the always construct
Info (10041): Inferred latch for "valor[0]" at memory.v(16)
Info (10041): Inferred latch for "valor[1]" at memory.v(16)
Info (10041): Inferred latch for "valor[2]" at memory.v(16)
Info (10041): Inferred latch for "valor[3]" at memory.v(16)
Info (10041): Inferred latch for "funcao[0]" at memory.v(16)
Info (10041): Inferred latch for "funcao[1]" at memory.v(16)
Info (10041): Inferred latch for "funcao[2]" at memory.v(16)
Info: Elaborating entity "Control" for hierarchy "Control:UC"
Info: Elaborating entity "registrador" for hierarchy "registrador:REGX"
Info: Elaborating entity "ULA" for hierarchy "ULA:unidLA"
Warning: Net is missing source, defaulting to GND
    Warning (12110): Net "FUNCAO[3]" is missing source, defaulting to GND
Warning: Net is missing source, defaulting to GND
    Warning (12110): Net "FUNCAO[3]" is missing source, defaulting to GND
Warning: 2 hierarchies have connectivity warnings - see the Connectivity Checks report folder
Warning: Latch memory:mem|funcao[2] has unsafe behavior
    Warning: Ports D and ENA on the latch are fed by the same signal PC:contador|out[2]
Warning: Latch memory:mem|funcao[0] has unsafe behavior
    Warning: Ports D and ENA on the latch are fed by the same signal PC:contador|out[0]
Warning: Latch memory:mem|funcao[1] has unsafe behavior
    Warning: Ports D and ENA on the latch are fed by the same signal PC:contador|out[1]
Warning: Latch memory:mem|valor[1] has unsafe behavior
    Warning: Ports D and ENA on the latch are fed by the same signal PC:contador|out[0]
Warning: Latch memory:mem|valor[2] has unsafe behavior
    Warning: Ports D and ENA on the latch are fed by the same signal PC:contador|out[0]
Info: Implemented 41 device resources after synthesis - the final resource count might be different
    Info: Implemented 1 input pins
    Info: Implemented 4 output pins
    Info: Implemented 36 logic cells
Info: Quartus II Analysis & Synthesis was successful. 0 errors, 19 warnings
    Info: Peak virtual memory: 249 megabytes
    Info: Processing ended: Tue Dec 13 15:37:21 2016
    Info: Elapsed time: 00:00:04
    Info: Total CPU time (on all processors): 00:00:01


